<?xml version="1.0" encoding="UTF-8"?>
<!-- Generated by org.testng.reporters.JUnitXMLReporter -->
<testsuite ignored="0" hostname="LPCAIQ1302" failures="0" tests="3" name="DemoNopTests" time="50.265" errors="0" timestamp="2023-06-21T19:44:34 AST">
  <testcase classname="DemoNopRegisterTest" name="test1" time="11.086"/>
  <testcase classname="DemoNopLoginTest" name="loginTest" time="5.65"/>
  <testcase classname="DemoNopAddToCartTest" name="addWindowsEightToCartTest" time="5.579"/>
</testsuite> <!-- DemoNopTests -->
