<?xml version="1.0" encoding="UTF-8"?>
<!-- Generated by org.testng.reporters.JUnitXMLReporter -->
<testsuite ignored="0" hostname="LPCAIQ1302" failures="1" tests="1" name="DemoNopLoginTests" time="25.311" errors="0" timestamp="2023-06-23T23:55:57 AST">
  <testcase classname="DemoNopLoginTest" name="loginTest" time="6.49">
    <failure type="java.lang.AssertionError" message="
Expecting actual:
  &amp;quot;About login / registration&amp;quot;
to match pattern:
  &amp;quot;.*our store.*&amp;quot;">
      <![CDATA[java.lang.AssertionError: 
Expecting actual:
  "About login / registration"
to match pattern:
  ".*our store.*"
at DemoNopLoginTest.loginTest(DemoNopLoginTest.java:24)
at java.base/java.util.ArrayList.forEach(ArrayList.java:1511)
at com.intellij.rt.testng.IDEARemoteTestNG.run(IDEARemoteTestNG.java:66)
at com.intellij.rt.testng.RemoteTestNGStarter.main(RemoteTestNGStarter.java:105)
... Removed 24 stack frames]]>
    </failure>
  </testcase> <!-- loginTest -->
</testsuite> <!-- DemoNopLoginTests -->
