<?xml version="1.0" encoding="UTF-8"?>
<!-- Generated by org.testng.reporters.JUnitXMLReporter -->
<testsuite ignored="5" hostname="LPCAIQ1302" failures="0" tests="1" name="HeroKuAppTest" time="14.31" errors="0" timestamp="2023-06-26T02:11:41 AST">
  <testcase classname="HeroKuAppTest" name="testJSPromptTypeAndAccept" time="2.124"/>
  <testcase classname="HeroKuAppTest" name="testJSAlert" time="0.0">
    <ignored/>
  </testcase> <!-- testJSAlert -->
  <testcase classname="HeroKuAppTest" name="testJSAlertAndDismiss" time="0.0">
    <ignored/>
  </testcase> <!-- testJSAlertAndDismiss -->
  <testcase classname="HeroKuAppTest" name="testJSPromptTypeAndDismiss" time="0.0">
    <ignored/>
  </testcase> <!-- testJSPromptTypeAndDismiss -->
  <testcase classname="HeroKuAppTest" name="testJSPromptTypeAndAcceptTest" time="0.0">
    <ignored/>
  </testcase> <!-- testJSPromptTypeAndAcceptTest -->
  <testcase classname="HeroKuAppTest" name="testJSAlertAndAccept" time="0.0">
    <ignored/>
  </testcase> <!-- testJSAlertAndAccept -->
</testsuite> <!-- HeroKuAppTest -->
